c:\users\aluo\documents\repos\ray_tracer_pywrapper\ray_tracer_pywrapper\ray_tracer_pywrapper\x64\debug\vc142.pdb
c:\users\aluo\documents\repos\ray_tracer_pywrapper\ray_tracer_pywrapper\ray_tracer_pywrapper\x64\debug\vc142.idb
c:\users\aluo\documents\repos\ray_tracer_pywrapper\ray_tracer_pywrapper\ray_tracer_pywrapper\x64\debug\main.obj
c:\users\aluo\documents\repos\ray_tracer_pywrapper\ray_tracer_pywrapper\ray_tracer_pywrapper\x64\debug\bvh.obj
c:\users\aluo\documents\repos\ray_tracer_pywrapper\ray_tracer_pywrapper\x64\debug\ray_tracer_pywrapper.ilk
c:\users\aluo\documents\repos\ray_tracer_pywrapper\ray_tracer_pywrapper\x64\debug\ray_tracer_pywrapper.dll
c:\users\aluo\documents\repos\ray_tracer_pywrapper\ray_tracer_pywrapper\x64\debug\ray_tracer_pywrapper.pdb
c:\users\aluo\documents\repos\ray_tracer_pywrapper\ray_tracer_pywrapper\x64\debug\ray_tracer_pywrapper.lib
c:\users\aluo\documents\repos\ray_tracer_pywrapper\ray_tracer_pywrapper\x64\debug\ray_tracer_pywrapper.exp
c:\users\aluo\documents\repos\ray_tracer_pywrapper\ray_tracer_pywrapper\ray_tracer_pywrapper\x64\debug\ray_trac.dcf4b318.tlog\cl.command.1.tlog
c:\users\aluo\documents\repos\ray_tracer_pywrapper\ray_tracer_pywrapper\ray_tracer_pywrapper\x64\debug\ray_trac.dcf4b318.tlog\cl.read.1.tlog
c:\users\aluo\documents\repos\ray_tracer_pywrapper\ray_tracer_pywrapper\ray_tracer_pywrapper\x64\debug\ray_trac.dcf4b318.tlog\cl.write.1.tlog
c:\users\aluo\documents\repos\ray_tracer_pywrapper\ray_tracer_pywrapper\ray_tracer_pywrapper\x64\debug\ray_trac.dcf4b318.tlog\link-cvtres.read.1.tlog
c:\users\aluo\documents\repos\ray_tracer_pywrapper\ray_tracer_pywrapper\ray_tracer_pywrapper\x64\debug\ray_trac.dcf4b318.tlog\link-cvtres.write.1.tlog
c:\users\aluo\documents\repos\ray_tracer_pywrapper\ray_tracer_pywrapper\ray_tracer_pywrapper\x64\debug\ray_trac.dcf4b318.tlog\link-rc.read.1.tlog
c:\users\aluo\documents\repos\ray_tracer_pywrapper\ray_tracer_pywrapper\ray_tracer_pywrapper\x64\debug\ray_trac.dcf4b318.tlog\link-rc.write.1.tlog
c:\users\aluo\documents\repos\ray_tracer_pywrapper\ray_tracer_pywrapper\ray_tracer_pywrapper\x64\debug\ray_trac.dcf4b318.tlog\link.2340.delete.1.tlog
c:\users\aluo\documents\repos\ray_tracer_pywrapper\ray_tracer_pywrapper\ray_tracer_pywrapper\x64\debug\ray_trac.dcf4b318.tlog\link.27216.delete.1.tlog
c:\users\aluo\documents\repos\ray_tracer_pywrapper\ray_tracer_pywrapper\ray_tracer_pywrapper\x64\debug\ray_trac.dcf4b318.tlog\link.command.1.tlog
c:\users\aluo\documents\repos\ray_tracer_pywrapper\ray_tracer_pywrapper\ray_tracer_pywrapper\x64\debug\ray_trac.dcf4b318.tlog\link.delete.1.tlog
c:\users\aluo\documents\repos\ray_tracer_pywrapper\ray_tracer_pywrapper\ray_tracer_pywrapper\x64\debug\ray_trac.dcf4b318.tlog\link.read.1.tlog
c:\users\aluo\documents\repos\ray_tracer_pywrapper\ray_tracer_pywrapper\ray_tracer_pywrapper\x64\debug\ray_trac.dcf4b318.tlog\link.write.1.tlog
c:\users\aluo\documents\repos\ray_tracer_pywrapper\ray_tracer_pywrapper\ray_tracer_pywrapper\x64\debug\ray_trac.dcf4b318.tlog\ray_tracer_pywrapper.write.1u.tlog
