  BVH.cpp
C:\Users\aluo\Documents\Repos\ray_tracer_pywrapper\sources\structs.h(41,34): warning C4267: 'return': conversion from 'size_t' to 'int', possible loss of data
C:\Users\aluo\Documents\Repos\ray_tracer_pywrapper\sources\structs.h(92,34): warning C4267: 'return': conversion from 'size_t' to 'int', possible loss of data
C:\Users\aluo\Documents\Repos\ray_tracer_pywrapper\sources\BVH.cpp(18,87): warning C4267: 'argument': conversion from 'size_t' to 'int', possible loss of data
C:\Users\aluo\Documents\Repos\ray_tracer_pywrapper\sources\BVH.cpp(20,87): warning C4267: 'argument': conversion from 'size_t' to 'int', possible loss of data
C:\Users\aluo\Documents\Repos\ray_tracer_pywrapper\sources\BVH.cpp(109,43): warning C4267: 'initializing': conversion from 'size_t' to 'int', possible loss of data
C:\Users\aluo\Documents\Repos\ray_tracer_pywrapper\sources\BVH.cpp(111,49): warning C4267: 'initializing': conversion from 'size_t' to 'int', possible loss of data
C:\Users\aluo\Documents\Repos\ray_tracer_pywrapper\sources\BVH.cpp(120,13): warning C4244: 'initializing': conversion from 'double' to 'float', possible loss of data
C:\Users\aluo\Documents\Repos\ray_tracer_pywrapper\sources\BVH.cpp(123,15): warning C4244: '=': conversion from '__int64' to 'int', possible loss of data
C:\Users\aluo\Documents\Repos\ray_tracer_pywrapper\sources\BVH.cpp(158,10): warning C4244: 'initializing': conversion from 'float' to 'int', possible loss of data
C:\Users\aluo\Documents\Repos\ray_tracer_pywrapper\sources\BVH.cpp(193,18): warning C4244: 'initializing': conversion from 'int' to 'float', possible loss of data
C:\Users\aluo\Documents\Repos\ray_tracer_pywrapper\sources\BVH.cpp(199,12): warning C4244: 'initializing': conversion from 'float' to 'int', possible loss of data
C:\Users\aluo\Documents\Repos\ray_tracer_pywrapper\sources\BVH.cpp(203,15): warning C4244: '=': conversion from '__int64' to 'int', possible loss of data
C:\Users\aluo\Documents\Repos\ray_tracer_pywrapper\sources\BVH.cpp(230,23): warning C4018: '<': signed/unsigned mismatch
C:\Users\aluo\Documents\Repos\ray_tracer_pywrapper\sources\BVH.cpp(279,23): warning C4018: '<': signed/unsigned mismatch
C:\Users\aluo\Documents\Repos\ray_tracer_pywrapper\sources\BVH.cpp(330,23): warning C4018: '<': signed/unsigned mismatch
C:\Users\aluo\Documents\Repos\ray_tracer_pywrapper\sources\BVH.cpp(376,23): warning C4018: '<': signed/unsigned mismatch
C:\Users\aluo\Documents\Repos\ray_tracer_pywrapper\sources\BVH.cpp(211): warning C4715: 'BVH::SAHSplit': not all control paths return a value
     Creating library C:\Users\aluo\Documents\Repos\ray_tracer_pywrapper\ray_tracer_pywrapper\x64\Debug\ray_tracer.lib and object C:\Users\aluo\Documents\Repos\ray_tracer_pywrapper\ray_tracer_pywrapper\x64\Debug\ray_tracer.exp
  ray_tracer.vcxproj -> C:\Users\aluo\Documents\Repos\ray_tracer_pywrapper\ray_tracer_pywrapper\x64\Debug\ray_tracer.dll
